/home/diannejarvisj-46321/code/labs/welcome-to-learn-5-welcome-000/ OPEN README.md
/home/diannejarvisj-46321/code/labs/welcome-to-learn-5-welcome-000/ LEARN_SUBMIT https://learn.co/ide/first_lab
/home/diannejarvisj-46321/code/labs/javascript-logging-lab-bootcamp-prep-000/ OPEN README.md
/home/diannejarvisj-46321/code/labs/javascript-logging-lab-bootcamp-prep-000/ OPEN README.md
/home/diannejarvisj-46321/code/labs/javascript-logging-lab-bootcamp-prep-000/ OPEN README.md
/home/diannejarvisj-46321/code/labs/javascript-logging-lab-bootcamp-prep-000/ OPEN README.md
/home/diannejarvisj-46321/code/labs/javascript-logging-lab-bootcamp-prep-000/ OPEN README.md
/home/diannejarvisj-46321/code/labs/javascript-strings-lab-bootcamp-prep-000/ OPEN README.md
/home/diannejarvisj-46321/code/labs/skills-based-javascript-intro-to-flow-control-bootcamp-prep-000/ OPEN README.md
/home/diannejarvisj-46321/code/labs/skills-based-javascript-intro-to-flow-control-bootcamp-prep-000/ OPEN README.md
/home/diannejarvisj-46321/code/labs/skills-based-javascript-intro-to-flow-control-bootcamp-prep-000/ OPEN README.md
/home/diannejarvisj-46321/code/labs/javascript-intro-to-functions-lab-bootcamp-prep-000/ OPEN README.md
/home/diannejarvisj-46321/code/labs/javascript-intro-to-functions-lab-bootcamp-prep-000/ OPEN README.md
/home/diannejarvisj-46321/code/labs/hello-world-ruby-bootcamp-prep-000/ OPEN README.md
/home/diannejarvisj-46321/code/labs/hello-world-ruby-bootcamp-prep-000/ OPEN hello_world.rb
/home/diannejarvisj-46321/code/labs/hello-world-ruby-bootcamp-prep-000/ OPEN welcome.rb
/home/diannejarvisj-46321/code/labs/ttt-1-welcome-rb-bootcamp-prep-000/ OPEN README.md
/home/diannejarvisj-46321/code/labs/ruby-lecture-reading-error-messages-bootcamp-prep-000/ OPEN README.md
/home/diannejarvisj-46321/code/labs/ruby-lecture-reading-error-messages-bootcamp-prep-000/ OPEN README.md
/home/diannejarvisj-46321/code/labs/ruby-variable-assignment-bootcamp-prep-000/ OPEN README.md
/home/diannejarvisj-46321/code/labs/ttt-2-board-rb-bootcamp-prep-000/ OPEN README.md
/home/diannejarvisj-46321/code/labs/ttt-3-display_board-example-bootcamp-prep-000/ OPEN README.md
/home/diannejarvisj-46321/code/labs/intro-to-tdd-rspec-and-learn-bootcamp-prep-000/ OPEN README.md
/home/diannejarvisj-46321/code/labs/intro-to-tdd-rspec-and-learn-bootcamp-prep-000/ OPEN README.md
/home/diannejarvisj-46321/code/labs/say-hello-ruby-bootcamp-prep-000/ OPEN README.md
/home/diannejarvisj-46321/code/labs/say-hello-ruby-bootcamp-prep-000/ OPEN README.md
/home/diannejarvisj-46321/code/labs/say-hello-ruby-bootcamp-prep-000/ OPEN README.md
/home/diannejarvisj-46321/code/labs/interpolation-super-power-bootcamp-prep-000/ OPEN README.md
/home/diannejarvisj-46321/code/labs/ttt-4-display-board-rb-bootcamp-prep-000/ OPEN README.md
/home/diannejarvisj-46321/code/labs/ruby-gets-input-bootcamp-prep-000/ OPEN README.md
/home/diannejarvisj-46321/code/labs/greeting-cli-bootcamp-prep-000/ OPEN README.md
/home/diannejarvisj-46321/code/labs/greeting-cli-bootcamp-prep-000/ OPEN README.md
/home/diannejarvisj-46321/code/labs/ruby-gets-input-bootcamp-prep-000/ OPEN README.md
/home/diannejarvisj-46321/code/labs/greeting-cli-bootcamp-prep-000/ OPEN README.md
/home/diannejarvisj-46321/code/labs/ttt-5-move-rb-bootcamp-prep-000/ OPEN README.md
/home/diannejarvisj-46321/code/labs/ttt-5-move-rb-bootcamp-prep-000/ OPEN README.md
/home/diannejarvisj-46321/code/labs/ttt-5-move-rb-bootcamp-prep-000/ OPEN README.md
/home/diannejarvisj-46321/code/labs/ttt-5-move-rb-bootcamp-prep-000/ OPEN README.md
/home/diannejarvisj-46321/code/labs/ttt-5-move-rb-bootcamp-prep-000/ OPEN README.md
/home/diannejarvisj-46321/code/labs/ttt-5-move-rb-bootcamp-prep-000/ OPEN README.md
/home/diannejarvisj-46321/code/labs/ttt-5-move-rb-bootcamp-prep-000/ OPEN README.md
/home/diannejarvisj-46321/code/labs/ttt-5-move-rb-bootcamp-prep-000/ OPEN README.md
/home/diannejarvisj-46321/code/labs/ttt-5-move-rb-bootcamp-prep-000/ OPEN README.md
/home/diannejarvisj-46321/code/labs/ttt-5-move-rb-bootcamp-prep-000/ OPEN README.md
/home/diannejarvisj-46321/code/labs/rspec-fizzbuzz-v-000/ OPEN README.md
/home/diannejarvisj-46321/code/labs/rspec-fizzbuzz-v-000/ OPEN README.md
/home/diannejarvisj-46321/code/labs/rspec-fizzbuzz-v-000/ OPEN README.md
/home/diannejarvisj-46321/code/labs/rspec-fizzbuzz-v-000/ OPEN README.md
/home/diannejarvisj-46321/code/labs/rspec-fizzbuzz-v-000/ OPEN README.md
/home/diannejarvisj-46321/code/labs/rspec-fizzbuzz-v-000/ OPEN README.md
/home/diannejarvisj-46321/code/labs/rspec-fizzbuzz-v-000/ OPEN README.md
/home/diannejarvisj-46321/code/labs/rspec-fizzbuzz-v-000/ OPEN README.md
/home/diannejarvisj-46321/code/labs/rspec-fizzbuzz-v-000/ OPEN README.md
/home/diannejarvisj-46321/code/labs/rspec-fizzbuzz-v-000/ OPEN README.md
/home/diannejarvisj-46321/code/labs/rspec-fizzbuzz-v-000/ OPEN README.md
/home/diannejarvisj-46321/code/labs/ttt-6-position-taken-rb-v-000/ OPEN README.md
/home/diannejarvisj-46321/code/labs/ttt-7-valid-move-v-000/ OPEN README.md
/home/diannejarvisj-46321/code/labs/ttt-7-valid-move-v-000/ OPEN README.md
/home/diannejarvisj-46321/code/labs/ttt-7-valid-move-v-000/ OPEN README.md
/home/diannejarvisj-46321/code/labs/looping-while-until-v-000/ OPEN README.md
/home/diannejarvisj-46321/code/labs/ttt-8-turn-v-000/ OPEN README.md
/home/diannejarvisj-46321/code/labs/looping-while-until-v-000/ OPEN README.md
/home/diannejarvisj-46321/code/labs/ttt-8-turn-v-000/ OPEN README.md
/home/diannejarvisj-46321/code/labs/ttt-8-turn-v-000/ OPEN README.md
/home/diannejarvisj-46321/code/labs/ttt-8-turn-v-000/ OPEN README.md
/home/diannejarvisj-46321/code/labs/ttt-8-turn-v-000/ OPEN README.md
/home/diannejarvisj-46321/code/labs/ttt-8-turn-v-000/ OPEN README.md
/home/diannejarvisj-46321/code/labs/ttt-8-turn-v-000/ OPEN README.md
/home/diannejarvisj-46321/code/labs/ttt-8-turn-v-000/ OPEN README.md
/home/diannejarvisj-46321/code/labs/ttt-8-turn-v-000/ OPEN README.md
/home/diannejarvisj-46321/code/labs/ttt-8-turn-v-000/ OPEN README.md
/home/diannejarvisj-46321/code/labs/ttt-8-turn-v-000/ OPEN README.md
/home/diannejarvisj-46321/code/labs/ttt-9-play-loop-v-000/ OPEN README.md
/home/diannejarvisj-46321/code/labs/ttt-9-play-loop-v-000/ OPEN README.md
/home/diannejarvisj-46321/code/labs/ttt-9-play-loop-v-000/ OPEN README.md
/home/diannejarvisj-46321/code/labs/ttt-9-play-loop-v-000/ OPEN README.md
/home/diannejarvisj-46321/code/labs/ttt-10-current-player-v-000/ OPEN README.md
/home/diannejarvisj-46321/code/labs/ttt-10-current-player-v-000/ OPEN README.md
/home/diannejarvisj-46321/code/labs/ttt-10-current-player-v-000/ OPEN README.md
/home/diannejarvisj-46321/code/labs/ttt-game-status-v-000/ OPEN README.md
/home/diannejarvisj-46321/code/labs/ttt-game-status-v-000/ OPEN README.md
/home/diannejarvisj-46321/code/labs/ttt-game-status-v-000/ OPEN README.md
/home/diannejarvisj-46321/code/labs/ttt-game-status-v-000/ OPEN README.md
/home/diannejarvisj-46321/code/labs/ttt-game-status-v-000/ OPEN README.md
/home/diannejarvisj-46321/code/labs/ttt-game-status-v-000/ OPEN README.md
/home/diannejarvisj-46321/code/labs/ttt-game-status-v-000/ OPEN README.md
/home/diannejarvisj-46321/code/labs/ttt-game-status-v-000/ OPEN README.md
/home/diannejarvisj-46321/code/labs/ttt-game-status-v-000/ OPEN README.md
/home/diannejarvisj-46321/code/labs/ttt-game-status-v-000/ OPEN README.md
/home/diannejarvisj-46321/code/labs/ttt-game-status-v-000/ OPEN README.md
/home/diannejarvisj-46321/code/labs/ttt-game-status-v-000/ OPEN README.md
/home/diannejarvisj-46321/code/labs/ttt-game-status-v-000/ OPEN README.md
/home/diannejarvisj-46321/code/labs/ttt-game-status-v-000/ OPEN README.md
/home/diannejarvisj-46321/code/labs/ttt-game-status-v-000/ OPEN README.md
/home/diannejarvisj-46321/code/labs/ttt-game-status-v-000/ OPEN README.md
/home/diannejarvisj-46321/code/labs/ttt-game-status-v-000/ OPEN README.md
/home/diannejarvisj-46321/code/labs/ttt-game-status-v-000/ OPEN README.md
/home/diannejarvisj-46321/code/labs/ttt-game-status-v-000/ OPEN README.md
/home/diannejarvisj-46321/code/labs/ttt-game-status-v-000/ OPEN README.md
/home/diannejarvisj-46321/code/labs/ttt-game-status-v-000/ OPEN README.md
/home/diannejarvisj-46321/code/labs/ttt-game-status-v-000/ OPEN README.md
/home/diannejarvisj-46321/code/labs/ttt-game-status-v-000/ OPEN README.md
/home/diannejarvisj-46321/code/labs/ttt-game-status-v-000/ OPEN README.md
/home/diannejarvisj-46321/code/labs/ttt-game-status-v-000/ OPEN README.md
/home/diannejarvisj-46321/code/labs/ttt-game-status-v-000/ OPEN README.md
/home/diannejarvisj-46321/code/labs/tic-tac-toe-rb-v-000/ OPEN README.md
/home/diannejarvisj-46321/code/labs/tic-tac-toe-rb-v-000/ OPEN README.md
/home/diannejarvisj-46321/code/labs/tic-tac-toe-rb-v-000/ OPEN README.md
/home/diannejarvisj-46321/code/labs/tic-tac-toe-rb-v-000/ OPEN README.md
/home/diannejarvisj-46321/code/labs/tic-tac-toe-rb-v-000/ OPEN README.md
/home/diannejarvisj-46321/code/labs/tic-tac-toe-rb-v-000/ OPEN README.md
/home/diannejarvisj-46321/code/labs/tic-tac-toe-rb-v-000/ OPEN README.md
/home/diannejarvisj-46321/code/labs/tic-tac-toe-rb-v-000/ OPEN README.md
/home/diannejarvisj-46321/code/labs/tic-tac-toe-rb-v-000/ OPEN README.md
/home/diannejarvisj-46321/code/labs/classes-and-instances-lab-ruby-v-000/ OPEN README.md
/home/diannejarvisj-46321/code/labs/classes-and-instances-lab-ruby-v-000/ OPEN README.md
/home/diannejarvisj-46321/code/labs/instance-methods-lab-ruby-v-000/ OPEN README.md
/home/diannejarvisj-46321/code/labs/classes-and-instances-lab-ruby-v-000/ OPEN README.md
/home/diannejarvisj-46321/code/labs/instance-methods-lab-ruby-v-000/ OPEN README.md
/home/diannejarvisj-46321/code/labs/instance-methods-lab-ruby-v-000/ OPEN README.md
/home/diannejarvisj-46321/code/labs/ruby-object-attributes-lab-v-000/ OPEN README.md
/home/diannejarvisj-46321/code/labs/ruby-object-attributes-lab-v-000/ OPEN README.md
/home/diannejarvisj-46321/code/labs/ruby-object-initialize-lab-v-000/ OPEN README.md
/home/diannejarvisj-46321/code/labs/ruby-object-initialize-lab-v-000/ OPEN README.md
/home/diannejarvisj-46321/code/labs/ruby-object-initialize-lab-v-000/ OPEN README.md
/home/diannejarvisj-46321/code/labs/oo-barking-dog-v-000/ OPEN README.md
/home/diannejarvisj-46321/code/labs/oo-barking-dog-v-000/ OPEN README.md
/home/diannejarvisj-46321/code/labs/oo-tic-tac-toe-v-000/ OPEN README.md
/home/diannejarvisj-46321/code/labs/oo-tic-tac-toe-v-000/ OPEN README.md
/home/diannejarvisj-46321/code/labs/oo-tic-tac-toe-v-000/ OPEN README.md
/home/diannejarvisj-46321/code/labs/oo-tic-tac-toe-v-000/ OPEN README.md
/home/diannejarvisj-46321/code/labs/oo-tic-tac-toe-v-000/ OPEN README.md
/home/diannejarvisj-46321/code/labs/oo-tic-tac-toe-v-000/ OPEN README.md
/home/diannejarvisj-46321/code/labs/oo-tic-tac-toe-v-000/ OPEN README.md
/home/diannejarvisj-46321/code/labs/oo-tic-tac-toe-v-000/ OPEN README.md
/home/diannejarvisj-46321/code/labs/oo-tic-tac-toe-v-000/ OPEN README.md
/home/diannejarvisj-46321/code/labs/oo-tic-tac-toe-v-000/ OPEN README.md
/home/diannejarvisj-46321/code/labs/oo-tic-tac-toe-v-000/ OPEN README.md
/home/diannejarvisj-46321/code/labs/oo-tic-tac-toe-v-000/ OPEN README.md
/home/diannejarvisj-46321/code/labs/oo-tic-tac-toe-v-000/ OPEN README.md
/home/diannejarvisj-46321/code/labs/ttt-5-move-rb-v-000/ OPEN README.md
/home/diannejarvisj-46321/code/labs/oo-tic-tac-toe-v-000/ OPEN README.md
/home/diannejarvisj-46321/code/labs/oo-tic-tac-toe-v-000/ OPEN README.md
/home/diannejarvisj-46321/code/labs/oo-barking-dog-v-000/ OPEN README.md
/home/diannejarvisj-46321/code/labs/oo-tic-tac-toe-v-000/ OPEN README.md
/home/diannejarvisj-46321/code/labs/oo-tic-tac-toe-v-000/ OPEN README.md
/home/diannejarvisj-46321/code/labs/oo-tic-tac-toe-v-000/ OPEN README.md
/home/diannejarvisj-46321/code/labs/html-album-cover-v-000/ OPEN README.md
/home/diannejarvisj-46321/code/labs/html-album-cover-v-000/ OPEN README.md
/home/diannejarvisj-46321/code/labs/html-album-cover-v-000/ OPEN README.md
/home/diannejarvisj-46321/code/labs/html-album-cover-v-000/ OPEN README.md
/home/diannejarvisj-46321/code/labs/riyadh-blog-v-000/ OPEN README.md
/home/diannejarvisj-46321/code/labs/html-issue-bot-9000-v-000/ OPEN README.md
/home/diannejarvisj-46321/code/labs/html-map-contact-form-code-along-v-000/ OPEN README.md
/home/diannejarvisj-46321/code/labs/html-map-contact-form-code-along-v-000/ OPEN README.md
/home/diannejarvisj-46321/code/labs/html-map-contact-form-code-along-v-000/ OPEN README.md
/home/diannejarvisj-46321/code/labs/html-map-contact-form-code-along-v-000/ OPEN README.md
/home/diannejarvisj-46321/code/labs/html5-video-embed-code-along-v-000/ OPEN README.md
/home/diannejarvisj-46321/code/labs/html5-semantic-containers-code-along-v-000/ OPEN README.md
/home/diannejarvisj-46321/code/labs/html5-semantic-containers-code-along-v-000/ OPEN README.md
/home/diannejarvisj-46321/code/labs/html5-semantic-containers-code-along-v-000/ OPEN README.md
/home/diannejarvisj-46321/code/labs/CSS-Styling-v-000/ OPEN README.md
/home/diannejarvisj-46321/code/labs/CSS-Styling-v-000/ OPEN README.md
/home/diannejarvisj-46321/code/labs/CSS-Styling-v-000/ OPEN README.md
/home/diannejarvisj-46321/code/labs/CSS-Styling-v-000/ OPEN README.md
/home/diannejarvisj-46321/code/labs/my-little-rainbow-v-000/ OPEN README.md
/home/diannejarvisj-46321/code/labs/css-kitten-wheelbarrow-v-000/ OPEN README.md
/home/diannejarvisj-46321/code/labs/css-kitten-wheelbarrow-v-000/ OPEN README.md
/home/diannejarvisj-46321/code/labs/css-kitten-wheelbarrow-v-000/ OPEN README.md
/home/diannejarvisj-46321/code/labs/css-graffiti-override-v-000/ OPEN README.md
/home/diannejarvisj-46321/code/labs/css-graffiti-override-v-000/ OPEN README.md
/home/diannejarvisj-46321/code/labs/css-graffiti-override-v-000/ OPEN README.md
/home/diannejarvisj-46321/code/labs/css-issue-bot-9000-v-000/ OPEN README.md
/home/diannejarvisj-46321/code/labs/learn-deploy-on-day-one-v-000/ OPEN README.md
/home/diannejarvisj-46321/code/labs/learn-deploy-on-day-one-v-000/ OPEN README.md
/home/diannejarvisj-46321/code/labs/learn-deploy-on-day-one-v-000/ OPEN README.md
/home/diannejarvisj-46321/code/labs/Codealong-Creating-Columns-v-000/ OPEN README.md
/home/diannejarvisj-46321/code/labs/fe-zetsy-v-000/ OPEN README.md
/home/diannejarvisj-46321/code/labs/fe-zetsy-v-000/ OPEN README.md
/home/diannejarvisj-46321/code/labs/fe-zetsy-v-000/ OPEN README.md
/home/diannejarvisj-46321/code/labs/fe-zetsy-v-000/ OPEN README.md
/home/diannejarvisj-46321/code/labs/hs-zhw-shoes-layout-v-000/ OPEN README.md
/home/diannejarvisj-46321/code/labs/hs-zhw-shoes-layout-v-000/ OPEN README.md
/home/diannejarvisj-46321/code/labs/box-style-codealong-v-000/ OPEN README.md
/home/diannejarvisj-46321/code/labs/box-style-codealong-v-000/ OPEN README.md
/home/diannejarvisj-46321/code/labs/adding-responsive-features-v-000/ OPEN README.md
/home/diannejarvisj-46321/code/labs/adding-responsive-features-v-000/ OPEN README.md
/home/diannejarvisj-46321/code/labs/adding-responsive-features-v-000/ OPEN README.md
/home/diannejarvisj-46321/code/labs/adding-responsive-features-v-000/ OPEN README.md
/home/diannejarvisj-46321/code/labs/adding-responsive-features-v-000/ OPEN README.md
/home/diannejarvisj-46321/code/labs/adding-responsive-features-v-000/ OPEN README.md
/home/diannejarvisj-46321/code/labs/animal-save-v-000/ OPEN README.md
/home/diannejarvisj-46321/code/labs/animal-save-v-000/ OPEN README.md
/home/diannejarvisj-46321/code/labs/animal-save-v-000/ OPEN README.md
